<?xml version="1.0" encoding="UTF-8"?>
<!-- Generated by org.testng.reporters.JUnitReportReporter -->
<testsuite skipped="0" hostname="VAIO" name="com.Argus.testcases.TC_LoginDDT_002" tests="5" failures="0" timestamp="2020-07-13T13:04:10 IST" time="53.678" errors="0">
  <testcase name="LoginDDT" time="10.645" classname="com.Argus.testcases.TC_LoginDDT_002"/>
  <system-out/>
  <testcase name="LoginDDT" time="10.164" classname="com.Argus.testcases.TC_LoginDDT_002"/>
  <system-out/>
  <testcase name="LoginDDT" time="11.027" classname="com.Argus.testcases.TC_LoginDDT_002"/>
  <system-out/>
  <testcase name="LoginDDT" time="11.225" classname="com.Argus.testcases.TC_LoginDDT_002"/>
  <system-out/>
  <testcase name="LoginDDT" time="10.617" classname="com.Argus.testcases.TC_LoginDDT_002"/>
  <system-out/>
</testsuite> <!-- com.Argus.testcases.TC_LoginDDT_002 -->
