<?xml version="1.0" encoding="UTF-8"?>
<!-- Generated by org.testng.reporters.JUnitReportReporter -->
<testsuite skipped="0" hostname="VAIO" name="com.Argus.testcases.TC_Logintest_001" tests="1" failures="0" timestamp="2020-07-13T13:04:10 IST" time="2.275" errors="0">
  <testcase name="loginTest" time="2.275" classname="com.Argus.testcases.TC_Logintest_001"/>
  <system-out/>
</testsuite> <!-- com.Argus.testcases.TC_Logintest_001 -->
