<?xml version="1.0" encoding="UTF-8"?>
<!-- Generated by org.testng.reporters.JUnitReportReporter -->
<testsuite skipped="0" hostname="VAIO" name="com.Argus.testcases.TC_LoginDDT_002" tests="5" failures="0" timestamp="2020-07-20T19:57:05 IST" time="57.499" errors="0">
  <testcase name="LoginDDT" time="11.576" classname="com.Argus.testcases.TC_LoginDDT_002"/>
  <system-out/>
  <testcase name="LoginDDT" time="11.912" classname="com.Argus.testcases.TC_LoginDDT_002"/>
  <system-out/>
  <testcase name="LoginDDT" time="11.312" classname="com.Argus.testcases.TC_LoginDDT_002"/>
  <system-out/>
  <testcase name="LoginDDT" time="11.307" classname="com.Argus.testcases.TC_LoginDDT_002"/>
  <system-out/>
  <testcase name="LoginDDT" time="11.392" classname="com.Argus.testcases.TC_LoginDDT_002"/>
  <system-out/>
</testsuite> <!-- com.Argus.testcases.TC_LoginDDT_002 -->
